l = 3
  div = (3) * x * (x^3 + 28)
1 [x, 1] True
2 [x, 30] True
3 None True
  phi(x) = [25*x, 1] True
  phi^2(x) = [5*x, 1] True
  q x = [x, 1]
  phi^2(x) + q x = None
    None -1 [25*x, 30]
    None 0 None
      Found: 0 mod 3
    None 1 [25*x, 1]
l = 5
  div = (5) * (x^3 + 9) * (x^3 + 11) * (x^3 + 21) * (x^3 + 26)
1 [x, 1] True
2 [19*x^10 + 24*x^7 + x^4 + 24*x, 12*x^9 + 5*x^6 + 17*x^3 + 12] True
3 [19*x^10 + 24*x^7 + x^4 + 24*x, 19*x^9 + 26*x^6 + 14*x^3 + 19] True
4 [x, 30] True
5 None True
  phi(x) = [5*x, 30] True
  phi^2(x) = [25*x, 1] True
  q x = [x, 1]
  phi^2(x) + q x = [5*x, 30]
      Found: 1 mod 5
l = 7
  div = (7) * (x + 4) * (x + 7) * (x + 20) * (x^3 + 25) * (x^6 + 16*x^5 + 21*x^4 + 18*x^3 + 14*x^2 + 30*x + 9) * (x^6 + 18*x^5 + 29*x^4 + 18*x^3 + 8*x^2 + 6*x + 9) * (x^6 + 28*x^5 + 12*x^4 + 18*x^3 + 9*x^2 + 26*x + 9)
1 [x, 1] True
2 [21*x^22 + 29*x^16 + 4*x^13 + 29*x^10 + 14*x^7 + 20*x^4 + 11*x, 10*x^21 + 19*x^18 + 24*x^15 + 7*x^12 + 29*x^9 + 24*x^6 + 16*x^3 + 21] True
3 [28*x^22 + 28*x^19 + 15*x^16 + 3*x^13 + 29*x^10 + 25*x^7 + 28*x^4 + 30*x, 13*x^21 + 16*x^18 + 23*x^15 + 20*x^12 + 8*x^9 + 10*x^6 + 13*x^3 + 20] True
4 [28*x^22 + 28*x^19 + 15*x^16 + 3*x^13 + 29*x^10 + 25*x^7 + 28*x^4 + 30*x, 18*x^21 + 15*x^18 + 8*x^15 + 11*x^12 + 23*x^9 + 21*x^6 + 18*x^3 + 11] True
5 [21*x^22 + 29*x^16 + 4*x^13 + 29*x^10 + 14*x^7 + 20*x^4 + 11*x, 21*x^21 + 12*x^18 + 7*x^15 + 24*x^12 + 2*x^9 + 7*x^6 + 15*x^3 + 10] True
6 [x, 30] True
7 None True
  phi(x) = [6*x^22 + 11*x^19 + 26*x^16 + 6*x^13 + 3*x^10 + 16*x^4 + 20*x, 15*x^21 + 12*x^18 + 3*x^15 + 15*x^12 + 23*x^9 + 9*x^3 + 2] True
  phi^2(x) = [18*x^22 + 18*x^19 + 3*x^16 + 13*x^13 + 12*x^10 + 5*x^7 + 18*x^4 + 6*x, 18*x^21 + 15*x^18 + 8*x^15 + 11*x^12 + 23*x^9 + 21*x^6 + 18*x^3 + 11] True
  q x = [28*x^22 + 28*x^19 + 15*x^16 + 3*x^13 + 29*x^10 + 25*x^7 + 28*x^4 + 30*x, 13*x^21 + 16*x^18 + 23*x^15 + 20*x^12 + 8*x^9 + 10*x^6 + 13*x^3 + 20]
  phi^2(x) + q x = [6*x^22 + 11*x^19 + 30*x^16 + 7*x^13 + 8*x^10 + 21*x^7 + 3*x^4 + 4*x, 23*x^21 + 14*x^18 + 5*x^15 + x^12 + 9*x^9 + 11*x^6 + 23*x^3 + 4]
      Found: -3 mod 7
l = 11
  div = (11) * (x^10 + x^9 + 5*x^7 + 24*x^6 + 8*x^4 + 12*x^3 + 22*x + 28) * (x^10 + 2*x^9 + 20*x^7 + 8*x^6 + 6*x^4 + 11*x^3 + 28*x + 4) * (x^10 + 5*x^9 + 5*x^7 + 27*x^6 + 8*x^4 + 29*x^3 + 22*x + 16) * (x^10 + 10*x^9 + 20*x^7 + 9*x^6 + 6*x^4 + 24*x^3 + 28*x + 20) * (x^10 + 19*x^9 + 20*x^7 + 14*x^6 + 6*x^4 + 27*x^3 + 28*x + 7) * (x^10 + 25*x^9 + 5*x^7 + 11*x^6 + 8*x^4 + 21*x^3 + 22*x + 18)
1 [x, 1] True
2 [x^58 + 15*x^55 + 19*x^52 + 14*x^49 + 21*x^46 + 28*x^43 + 6*x^40 + 14*x^37 + 24*x^34 + 9*x^28 + 26*x^25 + 13*x^22 + 20*x^19 + 11*x^16 + 6*x^13 + 10*x^10 + 2*x^7 + 20*x^4 + 8*x, 30*x^57 + 11*x^54 + 3*x^51 + 16*x^48 + 9*x^45 + 29*x^42 + 13*x^39 + 9*x^36 + 24*x^33 + 9*x^30 + 21*x^27 + 29*x^24 + 30*x^21 + 17*x^18 + 2*x^15 + 3*x^12 + 21*x^9 + 10*x^6 + 10*x^3 + 4] True
3 [15*x^58 + 27*x^55 + 11*x^52 + 29*x^49 + 13*x^46 + 2*x^43 + 27*x^40 + 20*x^37 + 10*x^34 + 14*x^31 + 18*x^28 + 13*x^25 + 26*x^22 + 10*x^19 + 23*x^16 + 12*x^13 + x^10 + 14*x^7 + 7*x^4 + 3*x, 30*x^57 + x^54 + 12*x^51 + 4*x^48 + 16*x^45 + 21*x^42 + 25*x^36 + 5*x^33 + 15*x^30 + 7*x^27 + 28*x^24 + 12*x^21 + 25*x^18 + 14*x^15 + 6*x^12 + 6*x^9 + 25*x^6 + 18*x^3 + 13] True
4 [25*x^58 + 24*x^55 + 14*x^52 + 13*x^49 + 26*x^46 + 7*x^43 + 15*x^40 + 11*x^37 + 16*x^34 + 26*x^31 + 16*x^28 + 20*x^25 + 26*x^22 + 19*x^16 + 7*x^13 + 12*x^10 + 22*x^7 + 23*x^4 + 3*x, 12*x^57 + 17*x^54 + 26*x^51 + 15*x^48 + 26*x^45 + 5*x^42 + 23*x^39 + 23*x^36 + 13*x^33 + 11*x^30 + 16*x^27 + 13*x^24 + 21*x^21 + 16*x^18 + 26*x^15 + 23*x^12 + 16*x^9 + 8*x^3 + 15] True
5 [25*x^58 + 23*x^55 + 10*x^52 + 2*x^49 + 5*x^43 + 18*x^40 + 3*x^37 + 9*x^34 + 18*x^31 + 29*x^28 + 24*x^25 + x^22 + x^19 + x^16 + 13*x^13 + 5*x^10 + 3*x^7 + 21*x^4 + 4*x, 16*x^57 + x^54 + 26*x^51 + 29*x^45 + 12*x^39 + 30*x^36 + 11*x^33 + 17*x^30 + 30*x^27 + 10*x^24 + 22*x^21 + 13*x^18 + 15*x^15 + 22*x^12 + 19*x^9 + 19*x^6 + 4*x^3 + 29] True
6 [25*x^58 + 23*x^55 + 10*x^52 + 2*x^49 + 5*x^43 + 18*x^40 + 3*x^37 + 9*x^34 + 18*x^31 + 29*x^28 + 24*x^25 + x^22 + x^19 + x^16 + 13*x^13 + 5*x^10 + 3*x^7 + 21*x^4 + 4*x, 15*x^57 + 30*x^54 + 5*x^51 + 2*x^45 + 19*x^39 + x^36 + 20*x^33 + 14*x^30 + x^27 + 21*x^24 + 9*x^21 + 18*x^18 + 16*x^15 + 9*x^12 + 12*x^9 + 12*x^6 + 27*x^3 + 2] True
7 [25*x^58 + 24*x^55 + 14*x^52 + 13*x^49 + 26*x^46 + 7*x^43 + 15*x^40 + 11*x^37 + 16*x^34 + 26*x^31 + 16*x^28 + 20*x^25 + 26*x^22 + 19*x^16 + 7*x^13 + 12*x^10 + 22*x^7 + 23*x^4 + 3*x, 19*x^57 + 14*x^54 + 5*x^51 + 16*x^48 + 5*x^45 + 26*x^42 + 8*x^39 + 8*x^36 + 18*x^33 + 20*x^30 + 15*x^27 + 18*x^24 + 10*x^21 + 15*x^18 + 5*x^15 + 8*x^12 + 15*x^9 + 23*x^3 + 16] True
8 [15*x^58 + 27*x^55 + 11*x^52 + 29*x^49 + 13*x^46 + 2*x^43 + 27*x^40 + 20*x^37 + 10*x^34 + 14*x^31 + 18*x^28 + 13*x^25 + 26*x^22 + 10*x^19 + 23*x^16 + 12*x^13 + x^10 + 14*x^7 + 7*x^4 + 3*x, x^57 + 30*x^54 + 19*x^51 + 27*x^48 + 15*x^45 + 10*x^42 + 6*x^36 + 26*x^33 + 16*x^30 + 24*x^27 + 3*x^24 + 19*x^21 + 6*x^18 + 17*x^15 + 25*x^12 + 25*x^9 + 6*x^6 + 13*x^3 + 18] True
9 [x^58 + 15*x^55 + 19*x^52 + 14*x^49 + 21*x^46 + 28*x^43 + 6*x^40 + 14*x^37 + 24*x^34 + 9*x^28 + 26*x^25 + 13*x^22 + 20*x^19 + 11*x^16 + 6*x^13 + 10*x^10 + 2*x^7 + 20*x^4 + 8*x, x^57 + 20*x^54 + 28*x^51 + 15*x^48 + 22*x^45 + 2*x^42 + 18*x^39 + 22*x^36 + 7*x^33 + 22*x^30 + 10*x^27 + 2*x^24 + x^21 + 14*x^18 + 29*x^15 + 28*x^12 + 10*x^9 + 21*x^6 + 21*x^3 + 27] True
10 [x, 30] True
11 None True
  phi(x) = [x^31, x^45 + 12*x^42 + 30*x^39 + 11*x^36 + 14*x^33 + 11*x^30 + 25*x^27 + 8*x^24 + 25*x^21 + 19*x^18 + 24*x^15 + 20*x^12 + 26*x^9 + 11*x^6 + 11*x^3 + 1] True
  phi^2(x) = [x^58 + 15*x^55 + 19*x^52 + 14*x^49 + 21*x^46 + 28*x^43 + 6*x^40 + 14*x^37 + 24*x^34 + 9*x^28 + 26*x^25 + 13*x^22 + 20*x^19 + 11*x^16 + 6*x^13 + 10*x^10 + 2*x^7 + 20*x^4 + 8*x, 30*x^57 + 11*x^54 + 3*x^51 + 16*x^48 + 9*x^45 + 29*x^42 + 13*x^39 + 9*x^36 + 24*x^33 + 9*x^30 + 21*x^27 + 29*x^24 + 30*x^21 + 17*x^18 + 2*x^15 + 3*x^12 + 21*x^9 + 10*x^6 + 10*x^3 + 4] True
  q x = [x^58 + 15*x^55 + 19*x^52 + 14*x^49 + 21*x^46 + 28*x^43 + 6*x^40 + 14*x^37 + 24*x^34 + 9*x^28 + 26*x^25 + 13*x^22 + 20*x^19 + 11*x^16 + 6*x^13 + 10*x^10 + 2*x^7 + 20*x^4 + 8*x, x^57 + 20*x^54 + 28*x^51 + 15*x^48 + 22*x^45 + 2*x^42 + 18*x^39 + 22*x^36 + 7*x^33 + 22*x^30 + 10*x^27 + 2*x^24 + x^21 + 14*x^18 + 29*x^15 + 28*x^12 + 10*x^9 + 21*x^6 + 21*x^3 + 27]
  phi^2(x) + q x = None
      Found: 0 mod 11
l = 3
  div = x
1 [0, 1] True
2 [0, 30] True
3 None True
  phi(x) = [0, 1] True
  phi^2(x) = [0, 1] True
  q x = [0, 1]
  phi^2(x) + q x = [0, 30]
    [0, 30] -1 [0, 30]
      Found: -1 mod 3
    [0, 30] 0 None
    [0, 30] 1 [0, 1]
l = 3
  div = x^3 + 28
1 [x, 1] True
2 [x, 30] True
3 None True
  phi(x) = [25*x, 1] True
  phi^2(x) = [5*x, 1] True
  q x = [x, 1]
  phi^2(x) + q x = [25*x, 30]
    [25*x, 30] -1 [25*x, 30]
      Found: -1 mod 3
    [25*x, 30] 0 None
    [25*x, 30] 1 [25*x, 1]
l = 7
  div = x + 4
1 [27, 1] True
2 [24, 1] True
3 [11, 30] True
4 [11, 1] True
5 [24, 30] True
6 [27, 30] True
7 None True
  phi(x) = [27, 1] True
  phi^2(x) = [27, 1] True
  q x = [11, 30]
  phi^2(x) + q x = [11, 1]
      Found: -3 mod 7
l = 7
  div = x + 7
1 [24, 1] True
2 [11, 1] True
3 [27, 30] True
4 [27, 1] True
5 [11, 30] True
6 [24, 30] True
7 None True
  phi(x) = [24, 1] True
  phi^2(x) = [24, 1] True
  q x = [27, 30]
  phi^2(x) + q x = [27, 1]
      Found: -3 mod 7
l = 7
  div = x + 20
1 [11, 1] True
2 [27, 1] True
3 [24, 30] True
4 [24, 1] True
5 [27, 30] True
6 [11, 30] True
7 None True
  phi(x) = [11, 1] True
  phi^2(x) = [11, 1] True
  q x = [24, 30]
  phi^2(x) + q x = [24, 1]
      Found: -3 mod 7
l = 7
  div = x^3 + 25
1 [x, 1] True
2 [5*x, 1] True
3 [25*x, 30] True
4 [25*x, 1] True
5 [5*x, 30] True
6 [x, 30] True
7 None True
  phi(x) = [25*x, 30] True
  phi^2(x) = [5*x, 1] True
  q x = [25*x, 30]
  phi^2(x) + q x = [5*x, 30]
      Found: -3 mod 7
